生成启动时间为 2015/1/9 23:09:08。
     1>项目“D:\文档\压缩卡\src\CompressCard\compress_card\drv\drv.vcxproj”在节点 2 上(build 个目标)。
     1>Build:
         call C:\WinDDK\7600.16385.1\\bin\setenv.bat C:\WinDDK\7600.16385.1\ chk x64 win7
         cd /d D:\文档\压缩卡\src\CompressCard\compress_card\drv\
         build
         OACR monitor running already
         path contains nonexistant c:\program files (x86)\microsoft visual studio 10.0\common7\tools\bin, removing
         path contains nonexistant c:\program files (x86)\microsoft sdks\windows\v7.0a\\lib\win64, removing
         BUILD: Compile and Link for AMD64
         
         BUILD: Loading c:\winddk\7600.16385.1\build.dat...
         
         BUILD: corrupt database (Directory error)
         
         BUILD: Computing Include file dependencies:
         
         BUILD: Start time: Fri Jan 09 23:09:08 2015
         BUILD: Examining d:\文档\压缩卡\src\compresscard\compress_card\drv directory for files to compile.
         
             d:\文档\压缩卡\src\compresscard\compress_card\drv 
         
         Invalidating OACR warning log for 'root:amd64chk'
         BUILD: Saving c:\winddk\7600.16385.1\build.dat...
         
         BUILD: Compiling and Linking d:\文档\压缩卡\src\compresscard\compress_card\drv directory
         
         Configuring OACR for 'root:amd64chk' - <OACR on>
         BUILD: Finish time: Fri Jan 09 23:09:09 2015
         BUILD: Done
         
         
         
             0 files compiled - 2 Warnings
         
     1>已完成生成项目“D:\文档\压缩卡\src\CompressCard\compress_card\drv\drv.vcxproj”(build 个目标)的操作。

生成成功。

已用时间 00:00:01.23
