生成启动时间为 2015/1/10 1:26:15。
     1>项目“D:\文档\压缩卡\src\CompressCard\compress_card\cc_dll\cc_dll.vcxproj”在节点 2 上(build 个目标)。
     1>InitializeBuildStatus:
         正在创建“Debug\cc_dll.unsuccessfulbuild”，因为已指定“AlwaysCreate”。
       ClCompile:
         所有输出均为最新。
         C:\Program Files (x86)\Microsoft Visual Studio 10.0\VC\bin\CL.exe /c /ZI /nologo /W3 /WX- /Od /Oy- /D WIN32 /D _DEBUG /D _WINDOWS /D _USRDLL /D CC_DLL_EXPORTS /D _WINDLL /D _UNICODE /D UNICODE /Gm /EHsc /RTC1 /MDd /GS /fp:precise /Zc:wchar_t /Zc:forScope /Yu"StdAfx.h" /Fp"Debug\cc_dll.pch" /Fo"Debug\\" /Fd"Debug\vc100.pdb" /Gd /TP /analyze- /errorReport:prompt cc_dll.cpp
         cc_dll.cpp
         所有输出均为最新。
       ManifestResourceCompile:
         所有输出均为最新。
       Link:
         C:\Program Files (x86)\Microsoft Visual Studio 10.0\VC\bin\link.exe /ERRORREPORT:PROMPT /OUT:"D:\文档\压缩卡\src\CompressCard\compress_card\Debug\cc_dll.dll" /INCREMENTAL /NOLOGO Setupapi.lib kernel32.lib user32.lib gdi32.lib winspool.lib comdlg32.lib advapi32.lib shell32.lib ole32.lib oleaut32.lib uuid.lib odbc32.lib odbccp32.lib /MANIFEST /ManifestFile:"Debug\cc_dll.dll.intermediate.manifest" /MANIFESTUAC:"level='asInvoker' uiAccess='false'" /DEBUG /PDB:"D:\文档\压缩卡\src\CompressCard\compress_card\Debug\cc_dll.pdb" /SUBSYSTEM:WINDOWS /TLBID:1 /DYNAMICBASE /NXCOMPAT /IMPLIB:"D:\文档\压缩卡\src\CompressCard\compress_card\Debug\cc_dll.lib" /MACHINE:X86 /DLL Debug\cc_dll.dll.embed.manifest.res
         Debug\cc_dll.obj
         Debug\dllmain.obj
         Debug\stdafx.obj
            正在创建库 D:\文档\压缩卡\src\CompressCard\compress_card\Debug\cc_dll.lib 和对象 D:\文档\压缩卡\src\CompressCard\compress_card\Debug\cc_dll.exp
       Manifest:
         C:\Program Files (x86)\Microsoft SDKs\Windows\v7.0A\bin\mt.exe /nologo /verbose /out:"Debug\cc_dll.dll.embed.manifest" /manifest Debug\cc_dll.dll.intermediate.manifest
         所有输出均为最新。
       LinkEmbedManifest:
         所有输出均为最新。
         cc_dll.vcxproj -> D:\文档\压缩卡\src\CompressCard\compress_card\Debug\cc_dll.dll
       FinalizeBuildStatus:
         正在删除文件“Debug\cc_dll.unsuccessfulbuild”。
         正在对“Debug\cc_dll.lastbuildstate”执行 Touch 任务。
     1>已完成生成项目“D:\文档\压缩卡\src\CompressCard\compress_card\cc_dll\cc_dll.vcxproj”(build 个目标)的操作。

生成成功。

已用时间 00:00:02.28
